<?xml version="1.0" encoding="UTF-8"?>
<!-- Generated by org.testng.reporters.JUnitXMLReporter -->
<testsuite ignored="0" hostname="DESKTOP-027MQ7S" failures="1" tests="6" name="Test" time="29.942" errors="0" timestamp="2024-09-21T15:21:27 IST">
  <testcase classname="FrameworkTestCases.LoginTest" name="Login" time="2.216"/>
  <testcase classname="FrameworkTestCases.LoginTestNegetive" name="LoginNegetive" time="3.041"/>
  <testcase classname="FrameworkTestCases.UserName_Password_TestCases" name="UserName" time="0.745"/>
  <testcase classname="FrameworkTestCases.UserName_Password_TestCases" name="Password" time="0.069"/>
  <testcase classname="FrameworkTestCases.UserName_Password_TestCases" name="Logo" time="0.045">
    <failure type="java.lang.AssertionError" message="Logo validation failed expected [true] but found [false]">
      <![CDATA[java.lang.AssertionError: Logo validation failed expected [true] but found [false]
at FrameworkTestCases.UserName_Password_TestCases.Logo(UserName_Password_TestCases.java:42)
at java.base/java.util.ArrayList.forEach(ArrayList.java:1511)
at java.base/java.util.concurrent.FutureTask.run(FutureTask.java:264)
at java.base/java.util.concurrent.ThreadPoolExecutor.runWorker(ThreadPoolExecutor.java:1136)
at java.base/java.util.concurrent.ThreadPoolExecutor$Worker.run(ThreadPoolExecutor.java:635)
at java.base/java.lang.Thread.run(Thread.java:840)
... Removed 23 stack frames]]>
    </failure>
  </testcase> <!-- Logo -->
  <testcase classname="FrameworkTestCases.UserName_Password_TestCases" name="LoginEmptyUsername" time="0.265"/>
</testsuite> <!-- Test -->
