<?xml version="1.0" encoding="UTF-8"?>
<testng-results ignored="0" total="6" passed="5" failed="1" skipped="0">
  <reporter-output>
  </reporter-output>
  <suite started-at="2024-09-21T15:20:57 IST" name="Suite" finished-at="2024-09-21T15:21:26 IST" duration-ms="29942">
    <groups>
    </groups>
    <test started-at="2024-09-21T15:20:57 IST" name="Test" finished-at="2024-09-21T15:21:26 IST" duration-ms="29942">
      <class name="FrameworkTestCases.LoginTest">
        <test-method is-config="true" signature="setUp()[pri:0, instance:FrameworkTestCases.LoginTest@3cebbb30]" started-at="2024-09-21T15:20:57 IST" name="setUp" finished-at="2024-09-21T15:21:04 IST" duration-ms="7501" status="PASS">
          <reporter-output>
          </reporter-output>
        </test-method> <!-- setUp -->
        <test-method signature="Login()[pri:0, instance:FrameworkTestCases.LoginTest@3cebbb30]" started-at="2024-09-21T15:21:04 IST" name="Login" finished-at="2024-09-21T15:21:06 IST" duration-ms="2216" status="PASS">
          <reporter-output>
          </reporter-output>
        </test-method> <!-- Login -->
        <test-method is-config="true" signature="tearDown()[pri:0, instance:FrameworkTestCases.LoginTest@3cebbb30]" started-at="2024-09-21T15:21:06 IST" name="tearDown" finished-at="2024-09-21T15:21:07 IST" duration-ms="249" status="PASS">
          <reporter-output>
          </reporter-output>
        </test-method> <!-- tearDown -->
      </class> <!-- FrameworkTestCases.LoginTest -->
      <class name="FrameworkTestCases.UserName_Password_TestCases">
        <test-method is-config="true" signature="setUp()[pri:0, instance:FrameworkTestCases.UserName_Password_TestCases@51e69659]" started-at="2024-09-21T15:21:16 IST" name="setUp" finished-at="2024-09-21T15:21:25 IST" duration-ms="8619" status="PASS">
          <reporter-output>
          </reporter-output>
        </test-method> <!-- setUp -->
        <test-method signature="UserName()[pri:1, instance:FrameworkTestCases.UserName_Password_TestCases@51e69659]" started-at="2024-09-21T15:21:25 IST" name="UserName" finished-at="2024-09-21T15:21:26 IST" duration-ms="745" status="PASS">
          <reporter-output>
          </reporter-output>
        </test-method> <!-- UserName -->
        <test-method signature="Password()[pri:2, instance:FrameworkTestCases.UserName_Password_TestCases@51e69659]" started-at="2024-09-21T15:21:26 IST" name="Password" finished-at="2024-09-21T15:21:26 IST" duration-ms="69" status="PASS">
          <reporter-output>
          </reporter-output>
        </test-method> <!-- Password -->
        <test-method signature="Logo()[pri:3, instance:FrameworkTestCases.UserName_Password_TestCases@51e69659]" started-at="2024-09-21T15:21:26 IST" name="Logo" finished-at="2024-09-21T15:21:26 IST" duration-ms="45" status="FAIL">
          <exception class="java.lang.AssertionError">
            <message>
              <![CDATA[Logo validation failed expected [true] but found [false]]]>
            </message>
            <full-stacktrace>
              <![CDATA[java.lang.AssertionError: Logo validation failed expected [true] but found [false]
at org.testng.Assert.fail(Assert.java:99)
at org.testng.Assert.failNotEquals(Assert.java:1037)
at org.testng.Assert.assertEqualsImpl(Assert.java:140)
at org.testng.Assert.assertEquals(Assert.java:122)
at org.testng.Assert.assertEquals(Assert.java:819)
at FrameworkTestCases.UserName_Password_TestCases.Logo(UserName_Password_TestCases.java:42)
at java.base/jdk.internal.reflect.NativeMethodAccessorImpl.invoke0(Native Method)
at java.base/jdk.internal.reflect.NativeMethodAccessorImpl.invoke(NativeMethodAccessorImpl.java:77)
at java.base/jdk.internal.reflect.DelegatingMethodAccessorImpl.invoke(DelegatingMethodAccessorImpl.java:43)
at java.base/java.lang.reflect.Method.invoke(Method.java:568)
at org.testng.internal.MethodInvocationHelper.invokeMethod(MethodInvocationHelper.java:133)
at org.testng.internal.TestInvoker.invokeMethod(TestInvoker.java:598)
at org.testng.internal.TestInvoker.invokeTestMethod(TestInvoker.java:173)
at org.testng.internal.MethodRunner.runInSequence(MethodRunner.java:46)
at org.testng.internal.TestInvoker$MethodInvocationAgent.invoke(TestInvoker.java:824)
at org.testng.internal.TestInvoker.invokeTestMethods(TestInvoker.java:146)
at org.testng.internal.TestMethodWorker.invokeTestMethods(TestMethodWorker.java:146)
at org.testng.internal.TestMethodWorker.run(TestMethodWorker.java:128)
at java.base/java.util.ArrayList.forEach(ArrayList.java:1511)
at org.testng.TestRunner.privateRun(TestRunner.java:794)
at org.testng.TestRunner.run(TestRunner.java:596)
at org.testng.SuiteRunner.runTest(SuiteRunner.java:377)
at org.testng.SuiteRunner.access$000(SuiteRunner.java:28)
at org.testng.SuiteRunner$SuiteWorker.run(SuiteRunner.java:418)
at org.testng.internal.thread.ThreadUtil.lambda$execute$0(ThreadUtil.java:64)
at java.base/java.util.concurrent.FutureTask.run(FutureTask.java:264)
at java.base/java.util.concurrent.ThreadPoolExecutor.runWorker(ThreadPoolExecutor.java:1136)
at java.base/java.util.concurrent.ThreadPoolExecutor$Worker.run(ThreadPoolExecutor.java:635)
at java.base/java.lang.Thread.run(Thread.java:840)
]]>
            </full-stacktrace>
          </exception> <!-- java.lang.AssertionError -->
          <reporter-output>
          </reporter-output>
        </test-method> <!-- Logo -->
        <test-method signature="LoginEmptyUsername()[pri:4, instance:FrameworkTestCases.UserName_Password_TestCases@51e69659]" started-at="2024-09-21T15:21:26 IST" name="LoginEmptyUsername" finished-at="2024-09-21T15:21:26 IST" duration-ms="265" status="PASS">
          <reporter-output>
          </reporter-output>
        </test-method> <!-- LoginEmptyUsername -->
        <test-method is-config="true" signature="tearDown()[pri:0, instance:FrameworkTestCases.UserName_Password_TestCases@51e69659]" started-at="2024-09-21T15:21:26 IST" name="tearDown" finished-at="2024-09-21T15:21:26 IST" duration-ms="252" status="PASS">
          <reporter-output>
          </reporter-output>
        </test-method> <!-- tearDown -->
      </class> <!-- FrameworkTestCases.UserName_Password_TestCases -->
      <class name="FrameworkTestCases.LoginTestNegetive">
        <test-method is-config="true" signature="setUp()[pri:0, instance:FrameworkTestCases.LoginTestNegetive@659499f1]" started-at="2024-09-21T15:21:07 IST" name="setUp" finished-at="2024-09-21T15:21:13 IST" duration-ms="6612" status="PASS">
          <reporter-output>
          </reporter-output>
        </test-method> <!-- setUp -->
        <test-method signature="LoginNegetive()[pri:0, instance:FrameworkTestCases.LoginTestNegetive@659499f1]" started-at="2024-09-21T15:21:13 IST" name="LoginNegetive" finished-at="2024-09-21T15:21:16 IST" duration-ms="3041" status="PASS">
          <reporter-output>
          </reporter-output>
        </test-method> <!-- LoginNegetive -->
        <test-method is-config="true" signature="tearDown()[pri:0, instance:FrameworkTestCases.LoginTestNegetive@659499f1]" started-at="2024-09-21T15:21:16 IST" name="tearDown" finished-at="2024-09-21T15:21:16 IST" duration-ms="254" status="PASS">
          <reporter-output>
          </reporter-output>
        </test-method> <!-- tearDown -->
      </class> <!-- FrameworkTestCases.LoginTestNegetive -->
    </test> <!-- Test -->
  </suite> <!-- Suite -->
</testng-results>
